package configuration for libffi is not found
have_header: checking for ffi.h... -------------------- no

"gcc-4.2 -o conftest -I/Users/jlecour/.rubies/ruby-2.1.4/include/ruby-2.1.0/x86_64-darwin13.0 -I/Users/jlecour/.rubies/ruby-2.1.4/include/ruby-2.1.0/ruby/backward -I/Users/jlecour/.rubies/ruby-2.1.4/include/ruby-2.1.0 -I.  -I/usr/local/opt/openssl/include -I/usr/local/opt/readline/include -I/usr/local/opt/libyaml/include -I/usr/local/Cellar/gdbm/1.11/include -D_XOPEN_SOURCE -D_DARWIN_C_SOURCE -D_DARWIN_UNLIMITED_SELECT -D_REENTRANT    -O3 -fno-fast-math -ggdb3 -Wall -Wextra -Wno-unused-parameter -Wno-parentheses -Wno-long-long -Wno-missing-field-initializers -Wunused-variable -Wpointer-arith -Wwrite-strings -Wdeclaration-after-statement -Wshorten-64-to-32 -Wimplicit-function-declaration -Wextra-tokens  -pipe conftest.c  -L. -L/Users/jlecour/.rubies/ruby-2.1.4/lib -L/usr/local/opt/openssl/lib -L/usr/local/opt/readline/lib -L/usr/local/opt/libyaml/lib -L/usr/local/Cellar/gdbm/1.11/lib -L. -fstack-protector -L/usr/local/opt/openssl/lib -L/usr/local/opt/readline/lib -L/usr/local/opt/libyaml/lib -L/usr/local/Cellar/gdbm/1.11/lib      -lruby-static -framework CoreFoundation  -lpthread -ldl -lobjc "
couldn't understand kern.osversion `14.0.0'
checked program was:
/* begin */
1: #include "ruby.h"
2: 
3: int main(int argc, char **argv)
4: {
5:   return 0;
6: }
/* end */

"gcc-4.2 -E -I/Users/jlecour/.rubies/ruby-2.1.4/include/ruby-2.1.0/x86_64-darwin13.0 -I/Users/jlecour/.rubies/ruby-2.1.4/include/ruby-2.1.0/ruby/backward -I/Users/jlecour/.rubies/ruby-2.1.4/include/ruby-2.1.0 -I.  -I/usr/local/opt/openssl/include -I/usr/local/opt/readline/include -I/usr/local/opt/libyaml/include -I/usr/local/Cellar/gdbm/1.11/include -D_XOPEN_SOURCE -D_DARWIN_C_SOURCE -D_DARWIN_UNLIMITED_SELECT -D_REENTRANT    -O3 -fno-fast-math -ggdb3 -Wall -Wextra -Wno-unused-parameter -Wno-parentheses -Wno-long-long -Wno-missing-field-initializers -Wunused-variable -Wpointer-arith -Wwrite-strings -Wdeclaration-after-statement -Wshorten-64-to-32 -Wimplicit-function-declaration -Wextra-tokens  -pipe  conftest.c -o conftest.i"
couldn't understand kern.osversion `14.0.0'
conftest.c:3:17: error: ffi.h: No such file or directory
checked program was:
/* begin */
1: #include "ruby.h"
2: 
3: #include <ffi.h>
/* end */

--------------------

find_header: checking for ffi.h in /usr/local/include,/usr/include/ffi... -------------------- yes

"gcc-4.2 -E -I/Users/jlecour/.rubies/ruby-2.1.4/include/ruby-2.1.0/x86_64-darwin13.0 -I/Users/jlecour/.rubies/ruby-2.1.4/include/ruby-2.1.0/ruby/backward -I/Users/jlecour/.rubies/ruby-2.1.4/include/ruby-2.1.0 -I.  -I/usr/local/opt/openssl/include -I/usr/local/opt/readline/include -I/usr/local/opt/libyaml/include -I/usr/local/Cellar/gdbm/1.11/include -D_XOPEN_SOURCE -D_DARWIN_C_SOURCE -D_DARWIN_UNLIMITED_SELECT -D_REENTRANT    -O3 -fno-fast-math -ggdb3 -Wall -Wextra -Wno-unused-parameter -Wno-parentheses -Wno-long-long -Wno-missing-field-initializers -Wunused-variable -Wpointer-arith -Wwrite-strings -Wdeclaration-after-statement -Wshorten-64-to-32 -Wimplicit-function-declaration -Wextra-tokens  -pipe  conftest.c -o conftest.i"
couldn't understand kern.osversion `14.0.0'
conftest.c:3:17: error: ffi.h: No such file or directory
checked program was:
/* begin */
1: #include "ruby.h"
2: 
3: #include <ffi.h>
/* end */

"gcc-4.2 -E -I/Users/jlecour/.rubies/ruby-2.1.4/include/ruby-2.1.0/x86_64-darwin13.0 -I/Users/jlecour/.rubies/ruby-2.1.4/include/ruby-2.1.0/ruby/backward -I/Users/jlecour/.rubies/ruby-2.1.4/include/ruby-2.1.0 -I.  -I/usr/local/opt/openssl/include -I/usr/local/opt/readline/include -I/usr/local/opt/libyaml/include -I/usr/local/Cellar/gdbm/1.11/include -D_XOPEN_SOURCE -D_DARWIN_C_SOURCE -D_DARWIN_UNLIMITED_SELECT -D_REENTRANT    -O3 -fno-fast-math -ggdb3 -Wall -Wextra -Wno-unused-parameter -Wno-parentheses -Wno-long-long -Wno-missing-field-initializers -Wunused-variable -Wpointer-arith -Wwrite-strings -Wdeclaration-after-statement -Wshorten-64-to-32 -Wimplicit-function-declaration -Wextra-tokens  -pipe -I/usr/local/include conftest.c -o conftest.i"
couldn't understand kern.osversion `14.0.0'
conftest.c:3:17: error: ffi.h: No such file or directory
checked program was:
/* begin */
1: #include "ruby.h"
2: 
3: #include <ffi.h>
/* end */

"gcc-4.2 -E -I/Users/jlecour/.rubies/ruby-2.1.4/include/ruby-2.1.0/x86_64-darwin13.0 -I/Users/jlecour/.rubies/ruby-2.1.4/include/ruby-2.1.0/ruby/backward -I/Users/jlecour/.rubies/ruby-2.1.4/include/ruby-2.1.0 -I.  -I/usr/local/opt/openssl/include -I/usr/local/opt/readline/include -I/usr/local/opt/libyaml/include -I/usr/local/Cellar/gdbm/1.11/include -D_XOPEN_SOURCE -D_DARWIN_C_SOURCE -D_DARWIN_UNLIMITED_SELECT -D_REENTRANT    -O3 -fno-fast-math -ggdb3 -Wall -Wextra -Wno-unused-parameter -Wno-parentheses -Wno-long-long -Wno-missing-field-initializers -Wunused-variable -Wpointer-arith -Wwrite-strings -Wdeclaration-after-statement -Wshorten-64-to-32 -Wimplicit-function-declaration -Wextra-tokens  -pipe -I/usr/include/ffi conftest.c -o conftest.i"
couldn't understand kern.osversion `14.0.0'
checked program was:
/* begin */
1: #include "ruby.h"
2: 
3: #include <ffi.h>
/* end */

--------------------

have_library: checking for ffi_call() in -lffi... -------------------- yes

"gcc-4.2 -o conftest -I/Users/jlecour/.rubies/ruby-2.1.4/include/ruby-2.1.0/x86_64-darwin13.0 -I/Users/jlecour/.rubies/ruby-2.1.4/include/ruby-2.1.0/ruby/backward -I/Users/jlecour/.rubies/ruby-2.1.4/include/ruby-2.1.0 -I. -I/usr/include/ffi  -I/usr/local/opt/openssl/include -I/usr/local/opt/readline/include -I/usr/local/opt/libyaml/include -I/usr/local/Cellar/gdbm/1.11/include -D_XOPEN_SOURCE -D_DARWIN_C_SOURCE -D_DARWIN_UNLIMITED_SELECT -D_REENTRANT    -O3 -fno-fast-math -ggdb3 -Wall -Wextra -Wno-unused-parameter -Wno-parentheses -Wno-long-long -Wno-missing-field-initializers -Wunused-variable -Wpointer-arith -Wwrite-strings -Wdeclaration-after-statement -Wshorten-64-to-32 -Wimplicit-function-declaration -Wextra-tokens  -pipe conftest.c  -L. -L/Users/jlecour/.rubies/ruby-2.1.4/lib -L/usr/local/opt/openssl/lib -L/usr/local/opt/readline/lib -L/usr/local/opt/libyaml/lib -L/usr/local/Cellar/gdbm/1.11/lib -L. -fstack-protector -L/usr/local/opt/openssl/lib -L/usr/local/opt/readline/lib -L/usr/local/opt/libyaml/lib -L/usr/local/Cellar/gdbm/1.11/lib      -lruby-static -framework CoreFoundation -lffi  -lpthread -ldl -lobjc "
couldn't understand kern.osversion `14.0.0'
checked program was:
/* begin */
 1: #include "ruby.h"
 2: 
 3: #include <ffi.h>
 4: 
 5: /*top*/
 6: extern int t(void);
 7: int main(int argc, char **argv)
 8: {
 9:   if (argc > 1000000) {
10:     printf("%p", &t);
11:   }
12: 
13:   return 0;
14: }
15: int t(void) { void ((*volatile p)()); p = (void ((*)()))ffi_call; return 0; }
/* end */

--------------------

have_func: checking for ffi_prep_closure()... -------------------- yes

"gcc-4.2 -o conftest -I/Users/jlecour/.rubies/ruby-2.1.4/include/ruby-2.1.0/x86_64-darwin13.0 -I/Users/jlecour/.rubies/ruby-2.1.4/include/ruby-2.1.0/ruby/backward -I/Users/jlecour/.rubies/ruby-2.1.4/include/ruby-2.1.0 -I. -I/usr/include/ffi  -I/usr/local/opt/openssl/include -I/usr/local/opt/readline/include -I/usr/local/opt/libyaml/include -I/usr/local/Cellar/gdbm/1.11/include -D_XOPEN_SOURCE -D_DARWIN_C_SOURCE -D_DARWIN_UNLIMITED_SELECT -D_REENTRANT    -O3 -fno-fast-math -ggdb3 -Wall -Wextra -Wno-unused-parameter -Wno-parentheses -Wno-long-long -Wno-missing-field-initializers -Wunused-variable -Wpointer-arith -Wwrite-strings -Wdeclaration-after-statement -Wshorten-64-to-32 -Wimplicit-function-declaration -Wextra-tokens  -pipe conftest.c  -L. -L/Users/jlecour/.rubies/ruby-2.1.4/lib -L/usr/local/opt/openssl/lib -L/usr/local/opt/readline/lib -L/usr/local/opt/libyaml/lib -L/usr/local/Cellar/gdbm/1.11/lib -L. -fstack-protector -L/usr/local/opt/openssl/lib -L/usr/local/opt/readline/lib -L/usr/local/opt/libyaml/lib -L/usr/local/Cellar/gdbm/1.11/lib     -lffi  -lruby-static -framework CoreFoundation -lffi  -lpthread -ldl -lobjc "
couldn't understand kern.osversion `14.0.0'
conftest.c: In function ‘t’:
conftest.c:13: error: ‘ffi_prep_closure’ undeclared (first use in this function)
conftest.c:13: error: (Each undeclared identifier is reported only once
conftest.c:13: error: for each function it appears in.)
checked program was:
/* begin */
 1: #include "ruby.h"
 2: 
 3: /*top*/
 4: extern int t(void);
 5: int main(int argc, char **argv)
 6: {
 7:   if (argc > 1000000) {
 8:     printf("%p", &t);
 9:   }
10: 
11:   return 0;
12: }
13: int t(void) { void ((*volatile p)()); p = (void ((*)()))ffi_prep_closure; return 0; }
/* end */

"gcc-4.2 -o conftest -I/Users/jlecour/.rubies/ruby-2.1.4/include/ruby-2.1.0/x86_64-darwin13.0 -I/Users/jlecour/.rubies/ruby-2.1.4/include/ruby-2.1.0/ruby/backward -I/Users/jlecour/.rubies/ruby-2.1.4/include/ruby-2.1.0 -I. -I/usr/include/ffi  -I/usr/local/opt/openssl/include -I/usr/local/opt/readline/include -I/usr/local/opt/libyaml/include -I/usr/local/Cellar/gdbm/1.11/include -D_XOPEN_SOURCE -D_DARWIN_C_SOURCE -D_DARWIN_UNLIMITED_SELECT -D_REENTRANT    -O3 -fno-fast-math -ggdb3 -Wall -Wextra -Wno-unused-parameter -Wno-parentheses -Wno-long-long -Wno-missing-field-initializers -Wunused-variable -Wpointer-arith -Wwrite-strings -Wdeclaration-after-statement -Wshorten-64-to-32 -Wimplicit-function-declaration -Wextra-tokens  -pipe conftest.c  -L. -L/Users/jlecour/.rubies/ruby-2.1.4/lib -L/usr/local/opt/openssl/lib -L/usr/local/opt/readline/lib -L/usr/local/opt/libyaml/lib -L/usr/local/Cellar/gdbm/1.11/lib -L. -fstack-protector -L/usr/local/opt/openssl/lib -L/usr/local/opt/readline/lib -L/usr/local/opt/libyaml/lib -L/usr/local/Cellar/gdbm/1.11/lib     -lffi  -lruby-static -framework CoreFoundation -lffi  -lpthread -ldl -lobjc "
couldn't understand kern.osversion `14.0.0'
conftest.c: In function ‘t’:
conftest.c:13: warning: implicit declaration of function ‘ffi_prep_closure’
checked program was:
/* begin */
 1: #include "ruby.h"
 2: 
 3: /*top*/
 4: extern int t(void);
 5: int main(int argc, char **argv)
 6: {
 7:   if (argc > 1000000) {
 8:     printf("%p", &t);
 9:   }
10: 
11:   return 0;
12: }
13: int t(void) { ffi_prep_closure(); return 0; }
/* end */

--------------------

have_func: checking for ffi_raw_call()... -------------------- no

"gcc-4.2 -o conftest -I/Users/jlecour/.rubies/ruby-2.1.4/include/ruby-2.1.0/x86_64-darwin13.0 -I/Users/jlecour/.rubies/ruby-2.1.4/include/ruby-2.1.0/ruby/backward -I/Users/jlecour/.rubies/ruby-2.1.4/include/ruby-2.1.0 -I. -I/usr/include/ffi  -I/usr/local/opt/openssl/include -I/usr/local/opt/readline/include -I/usr/local/opt/libyaml/include -I/usr/local/Cellar/gdbm/1.11/include -D_XOPEN_SOURCE -D_DARWIN_C_SOURCE -D_DARWIN_UNLIMITED_SELECT -D_REENTRANT    -O3 -fno-fast-math -ggdb3 -Wall -Wextra -Wno-unused-parameter -Wno-parentheses -Wno-long-long -Wno-missing-field-initializers -Wunused-variable -Wpointer-arith -Wwrite-strings -Wdeclaration-after-statement -Wshorten-64-to-32 -Wimplicit-function-declaration -Wextra-tokens  -pipe conftest.c  -L. -L/Users/jlecour/.rubies/ruby-2.1.4/lib -L/usr/local/opt/openssl/lib -L/usr/local/opt/readline/lib -L/usr/local/opt/libyaml/lib -L/usr/local/Cellar/gdbm/1.11/lib -L. -fstack-protector -L/usr/local/opt/openssl/lib -L/usr/local/opt/readline/lib -L/usr/local/opt/libyaml/lib -L/usr/local/Cellar/gdbm/1.11/lib     -lffi  -lruby-static -framework CoreFoundation -lffi  -lpthread -ldl -lobjc "
couldn't understand kern.osversion `14.0.0'
conftest.c: In function ‘t’:
conftest.c:13: error: ‘ffi_raw_call’ undeclared (first use in this function)
conftest.c:13: error: (Each undeclared identifier is reported only once
conftest.c:13: error: for each function it appears in.)
checked program was:
/* begin */
 1: #include "ruby.h"
 2: 
 3: /*top*/
 4: extern int t(void);
 5: int main(int argc, char **argv)
 6: {
 7:   if (argc > 1000000) {
 8:     printf("%p", &t);
 9:   }
10: 
11:   return 0;
12: }
13: int t(void) { void ((*volatile p)()); p = (void ((*)()))ffi_raw_call; return 0; }
/* end */

"gcc-4.2 -o conftest -I/Users/jlecour/.rubies/ruby-2.1.4/include/ruby-2.1.0/x86_64-darwin13.0 -I/Users/jlecour/.rubies/ruby-2.1.4/include/ruby-2.1.0/ruby/backward -I/Users/jlecour/.rubies/ruby-2.1.4/include/ruby-2.1.0 -I. -I/usr/include/ffi  -I/usr/local/opt/openssl/include -I/usr/local/opt/readline/include -I/usr/local/opt/libyaml/include -I/usr/local/Cellar/gdbm/1.11/include -D_XOPEN_SOURCE -D_DARWIN_C_SOURCE -D_DARWIN_UNLIMITED_SELECT -D_REENTRANT    -O3 -fno-fast-math -ggdb3 -Wall -Wextra -Wno-unused-parameter -Wno-parentheses -Wno-long-long -Wno-missing-field-initializers -Wunused-variable -Wpointer-arith -Wwrite-strings -Wdeclaration-after-statement -Wshorten-64-to-32 -Wimplicit-function-declaration -Wextra-tokens  -pipe conftest.c  -L. -L/Users/jlecour/.rubies/ruby-2.1.4/lib -L/usr/local/opt/openssl/lib -L/usr/local/opt/readline/lib -L/usr/local/opt/libyaml/lib -L/usr/local/Cellar/gdbm/1.11/lib -L. -fstack-protector -L/usr/local/opt/openssl/lib -L/usr/local/opt/readline/lib -L/usr/local/opt/libyaml/lib -L/usr/local/Cellar/gdbm/1.11/lib     -lffi  -lruby-static -framework CoreFoundation -lffi  -lpthread -ldl -lobjc "
couldn't understand kern.osversion `14.0.0'
conftest.c: In function ‘t’:
conftest.c:13: warning: implicit declaration of function ‘ffi_raw_call’
Undefined symbols for architecture x86_64:
  "_ffi_raw_call", referenced from:
      _t in ccWz0J0c.o
ld: symbol(s) not found for architecture x86_64
collect2: ld returned 1 exit status
checked program was:
/* begin */
 1: #include "ruby.h"
 2: 
 3: /*top*/
 4: extern int t(void);
 5: int main(int argc, char **argv)
 6: {
 7:   if (argc > 1000000) {
 8:     printf("%p", &t);
 9:   }
10: 
11:   return 0;
12: }
13: int t(void) { ffi_raw_call(); return 0; }
/* end */

--------------------

have_func: checking for rb_thread_blocking_region()... -------------------- yes

"gcc-4.2 -o conftest -I/Users/jlecour/.rubies/ruby-2.1.4/include/ruby-2.1.0/x86_64-darwin13.0 -I/Users/jlecour/.rubies/ruby-2.1.4/include/ruby-2.1.0/ruby/backward -I/Users/jlecour/.rubies/ruby-2.1.4/include/ruby-2.1.0 -I. -I/usr/include/ffi  -I/usr/local/opt/openssl/include -I/usr/local/opt/readline/include -I/usr/local/opt/libyaml/include -I/usr/local/Cellar/gdbm/1.11/include -D_XOPEN_SOURCE -D_DARWIN_C_SOURCE -D_DARWIN_UNLIMITED_SELECT -D_REENTRANT    -O3 -fno-fast-math -ggdb3 -Wall -Wextra -Wno-unused-parameter -Wno-parentheses -Wno-long-long -Wno-missing-field-initializers -Wunused-variable -Wpointer-arith -Wwrite-strings -Wdeclaration-after-statement -Wshorten-64-to-32 -Wimplicit-function-declaration -Wextra-tokens  -pipe conftest.c  -L. -L/Users/jlecour/.rubies/ruby-2.1.4/lib -L/usr/local/opt/openssl/lib -L/usr/local/opt/readline/lib -L/usr/local/opt/libyaml/lib -L/usr/local/Cellar/gdbm/1.11/lib -L. -fstack-protector -L/usr/local/opt/openssl/lib -L/usr/local/opt/readline/lib -L/usr/local/opt/libyaml/lib -L/usr/local/Cellar/gdbm/1.11/lib     -lffi  -lruby-static -framework CoreFoundation -lffi  -lpthread -ldl -lobjc "
couldn't understand kern.osversion `14.0.0'
conftest.c: In function ‘t’:
conftest.c:13: warning: ‘rb_thread_blocking_region’ is deprecated (declared at /Users/jlecour/.rubies/ruby-2.1.4/include/ruby-2.1.0/ruby/intern.h:870)
checked program was:
/* begin */
 1: #include "ruby.h"
 2: 
 3: /*top*/
 4: extern int t(void);
 5: int main(int argc, char **argv)
 6: {
 7:   if (argc > 1000000) {
 8:     printf("%p", &t);
 9:   }
10: 
11:   return 0;
12: }
13: int t(void) { void ((*volatile p)()); p = (void ((*)()))rb_thread_blocking_region; return 0; }
/* end */

--------------------

have_func: checking for rb_thread_call_with_gvl()... -------------------- yes

"gcc-4.2 -o conftest -I/Users/jlecour/.rubies/ruby-2.1.4/include/ruby-2.1.0/x86_64-darwin13.0 -I/Users/jlecour/.rubies/ruby-2.1.4/include/ruby-2.1.0/ruby/backward -I/Users/jlecour/.rubies/ruby-2.1.4/include/ruby-2.1.0 -I. -I/usr/include/ffi  -I/usr/local/opt/openssl/include -I/usr/local/opt/readline/include -I/usr/local/opt/libyaml/include -I/usr/local/Cellar/gdbm/1.11/include -D_XOPEN_SOURCE -D_DARWIN_C_SOURCE -D_DARWIN_UNLIMITED_SELECT -D_REENTRANT    -O3 -fno-fast-math -ggdb3 -Wall -Wextra -Wno-unused-parameter -Wno-parentheses -Wno-long-long -Wno-missing-field-initializers -Wunused-variable -Wpointer-arith -Wwrite-strings -Wdeclaration-after-statement -Wshorten-64-to-32 -Wimplicit-function-declaration -Wextra-tokens  -pipe conftest.c  -L. -L/Users/jlecour/.rubies/ruby-2.1.4/lib -L/usr/local/opt/openssl/lib -L/usr/local/opt/readline/lib -L/usr/local/opt/libyaml/lib -L/usr/local/Cellar/gdbm/1.11/lib -L. -fstack-protector -L/usr/local/opt/openssl/lib -L/usr/local/opt/readline/lib -L/usr/local/opt/libyaml/lib -L/usr/local/Cellar/gdbm/1.11/lib     -lffi  -lruby-static -framework CoreFoundation -lffi  -lpthread -ldl -lobjc "
couldn't understand kern.osversion `14.0.0'
conftest.c: In function ‘t’:
conftest.c:13: error: ‘rb_thread_call_with_gvl’ undeclared (first use in this function)
conftest.c:13: error: (Each undeclared identifier is reported only once
conftest.c:13: error: for each function it appears in.)
checked program was:
/* begin */
 1: #include "ruby.h"
 2: 
 3: /*top*/
 4: extern int t(void);
 5: int main(int argc, char **argv)
 6: {
 7:   if (argc > 1000000) {
 8:     printf("%p", &t);
 9:   }
10: 
11:   return 0;
12: }
13: int t(void) { void ((*volatile p)()); p = (void ((*)()))rb_thread_call_with_gvl; return 0; }
/* end */

"gcc-4.2 -o conftest -I/Users/jlecour/.rubies/ruby-2.1.4/include/ruby-2.1.0/x86_64-darwin13.0 -I/Users/jlecour/.rubies/ruby-2.1.4/include/ruby-2.1.0/ruby/backward -I/Users/jlecour/.rubies/ruby-2.1.4/include/ruby-2.1.0 -I. -I/usr/include/ffi  -I/usr/local/opt/openssl/include -I/usr/local/opt/readline/include -I/usr/local/opt/libyaml/include -I/usr/local/Cellar/gdbm/1.11/include -D_XOPEN_SOURCE -D_DARWIN_C_SOURCE -D_DARWIN_UNLIMITED_SELECT -D_REENTRANT    -O3 -fno-fast-math -ggdb3 -Wall -Wextra -Wno-unused-parameter -Wno-parentheses -Wno-long-long -Wno-missing-field-initializers -Wunused-variable -Wpointer-arith -Wwrite-strings -Wdeclaration-after-statement -Wshorten-64-to-32 -Wimplicit-function-declaration -Wextra-tokens  -pipe conftest.c  -L. -L/Users/jlecour/.rubies/ruby-2.1.4/lib -L/usr/local/opt/openssl/lib -L/usr/local/opt/readline/lib -L/usr/local/opt/libyaml/lib -L/usr/local/Cellar/gdbm/1.11/lib -L. -fstack-protector -L/usr/local/opt/openssl/lib -L/usr/local/opt/readline/lib -L/usr/local/opt/libyaml/lib -L/usr/local/Cellar/gdbm/1.11/lib     -lffi  -lruby-static -framework CoreFoundation -lffi  -lpthread -ldl -lobjc "
couldn't understand kern.osversion `14.0.0'
conftest.c: In function ‘t’:
conftest.c:13: warning: implicit declaration of function ‘rb_thread_call_with_gvl’
checked program was:
/* begin */
 1: #include "ruby.h"
 2: 
 3: /*top*/
 4: extern int t(void);
 5: int main(int argc, char **argv)
 6: {
 7:   if (argc > 1000000) {
 8:     printf("%p", &t);
 9:   }
10: 
11:   return 0;
12: }
13: int t(void) { rb_thread_call_with_gvl(); return 0; }
/* end */

--------------------

have_func: checking for rb_thread_call_without_gvl()... -------------------- yes

"gcc-4.2 -o conftest -I/Users/jlecour/.rubies/ruby-2.1.4/include/ruby-2.1.0/x86_64-darwin13.0 -I/Users/jlecour/.rubies/ruby-2.1.4/include/ruby-2.1.0/ruby/backward -I/Users/jlecour/.rubies/ruby-2.1.4/include/ruby-2.1.0 -I. -I/usr/include/ffi  -I/usr/local/opt/openssl/include -I/usr/local/opt/readline/include -I/usr/local/opt/libyaml/include -I/usr/local/Cellar/gdbm/1.11/include -D_XOPEN_SOURCE -D_DARWIN_C_SOURCE -D_DARWIN_UNLIMITED_SELECT -D_REENTRANT    -O3 -fno-fast-math -ggdb3 -Wall -Wextra -Wno-unused-parameter -Wno-parentheses -Wno-long-long -Wno-missing-field-initializers -Wunused-variable -Wpointer-arith -Wwrite-strings -Wdeclaration-after-statement -Wshorten-64-to-32 -Wimplicit-function-declaration -Wextra-tokens  -pipe conftest.c  -L. -L/Users/jlecour/.rubies/ruby-2.1.4/lib -L/usr/local/opt/openssl/lib -L/usr/local/opt/readline/lib -L/usr/local/opt/libyaml/lib -L/usr/local/Cellar/gdbm/1.11/lib -L. -fstack-protector -L/usr/local/opt/openssl/lib -L/usr/local/opt/readline/lib -L/usr/local/opt/libyaml/lib -L/usr/local/Cellar/gdbm/1.11/lib     -lffi  -lruby-static -framework CoreFoundation -lffi  -lpthread -ldl -lobjc "
couldn't understand kern.osversion `14.0.0'
conftest.c: In function ‘t’:
conftest.c:13: error: ‘rb_thread_call_without_gvl’ undeclared (first use in this function)
conftest.c:13: error: (Each undeclared identifier is reported only once
conftest.c:13: error: for each function it appears in.)
checked program was:
/* begin */
 1: #include "ruby.h"
 2: 
 3: /*top*/
 4: extern int t(void);
 5: int main(int argc, char **argv)
 6: {
 7:   if (argc > 1000000) {
 8:     printf("%p", &t);
 9:   }
10: 
11:   return 0;
12: }
13: int t(void) { void ((*volatile p)()); p = (void ((*)()))rb_thread_call_without_gvl; return 0; }
/* end */

"gcc-4.2 -o conftest -I/Users/jlecour/.rubies/ruby-2.1.4/include/ruby-2.1.0/x86_64-darwin13.0 -I/Users/jlecour/.rubies/ruby-2.1.4/include/ruby-2.1.0/ruby/backward -I/Users/jlecour/.rubies/ruby-2.1.4/include/ruby-2.1.0 -I. -I/usr/include/ffi  -I/usr/local/opt/openssl/include -I/usr/local/opt/readline/include -I/usr/local/opt/libyaml/include -I/usr/local/Cellar/gdbm/1.11/include -D_XOPEN_SOURCE -D_DARWIN_C_SOURCE -D_DARWIN_UNLIMITED_SELECT -D_REENTRANT    -O3 -fno-fast-math -ggdb3 -Wall -Wextra -Wno-unused-parameter -Wno-parentheses -Wno-long-long -Wno-missing-field-initializers -Wunused-variable -Wpointer-arith -Wwrite-strings -Wdeclaration-after-statement -Wshorten-64-to-32 -Wimplicit-function-declaration -Wextra-tokens  -pipe conftest.c  -L. -L/Users/jlecour/.rubies/ruby-2.1.4/lib -L/usr/local/opt/openssl/lib -L/usr/local/opt/readline/lib -L/usr/local/opt/libyaml/lib -L/usr/local/Cellar/gdbm/1.11/lib -L. -fstack-protector -L/usr/local/opt/openssl/lib -L/usr/local/opt/readline/lib -L/usr/local/opt/libyaml/lib -L/usr/local/Cellar/gdbm/1.11/lib     -lffi  -lruby-static -framework CoreFoundation -lffi  -lpthread -ldl -lobjc "
couldn't understand kern.osversion `14.0.0'
conftest.c: In function ‘t’:
conftest.c:13: warning: implicit declaration of function ‘rb_thread_call_without_gvl’
checked program was:
/* begin */
 1: #include "ruby.h"
 2: 
 3: /*top*/
 4: extern int t(void);
 5: int main(int argc, char **argv)
 6: {
 7:   if (argc > 1000000) {
 8:     printf("%p", &t);
 9:   }
10: 
11:   return 0;
12: }
13: int t(void) { rb_thread_call_without_gvl(); return 0; }
/* end */

--------------------

have_func: checking for ffi_prep_cif_var()... -------------------- no

"gcc-4.2 -o conftest -I/Users/jlecour/.rubies/ruby-2.1.4/include/ruby-2.1.0/x86_64-darwin13.0 -I/Users/jlecour/.rubies/ruby-2.1.4/include/ruby-2.1.0/ruby/backward -I/Users/jlecour/.rubies/ruby-2.1.4/include/ruby-2.1.0 -I. -I/usr/include/ffi  -I/usr/local/opt/openssl/include -I/usr/local/opt/readline/include -I/usr/local/opt/libyaml/include -I/usr/local/Cellar/gdbm/1.11/include -D_XOPEN_SOURCE -D_DARWIN_C_SOURCE -D_DARWIN_UNLIMITED_SELECT -D_REENTRANT    -O3 -fno-fast-math -ggdb3 -Wall -Wextra -Wno-unused-parameter -Wno-parentheses -Wno-long-long -Wno-missing-field-initializers -Wunused-variable -Wpointer-arith -Wwrite-strings -Wdeclaration-after-statement -Wshorten-64-to-32 -Wimplicit-function-declaration -Wextra-tokens  -pipe conftest.c  -L. -L/Users/jlecour/.rubies/ruby-2.1.4/lib -L/usr/local/opt/openssl/lib -L/usr/local/opt/readline/lib -L/usr/local/opt/libyaml/lib -L/usr/local/Cellar/gdbm/1.11/lib -L. -fstack-protector -L/usr/local/opt/openssl/lib -L/usr/local/opt/readline/lib -L/usr/local/opt/libyaml/lib -L/usr/local/Cellar/gdbm/1.11/lib     -lffi  -lruby-static -framework CoreFoundation -lffi  -lpthread -ldl -lobjc "
couldn't understand kern.osversion `14.0.0'
conftest.c: In function ‘t’:
conftest.c:13: error: ‘ffi_prep_cif_var’ undeclared (first use in this function)
conftest.c:13: error: (Each undeclared identifier is reported only once
conftest.c:13: error: for each function it appears in.)
checked program was:
/* begin */
 1: #include "ruby.h"
 2: 
 3: /*top*/
 4: extern int t(void);
 5: int main(int argc, char **argv)
 6: {
 7:   if (argc > 1000000) {
 8:     printf("%p", &t);
 9:   }
10: 
11:   return 0;
12: }
13: int t(void) { void ((*volatile p)()); p = (void ((*)()))ffi_prep_cif_var; return 0; }
/* end */

"gcc-4.2 -o conftest -I/Users/jlecour/.rubies/ruby-2.1.4/include/ruby-2.1.0/x86_64-darwin13.0 -I/Users/jlecour/.rubies/ruby-2.1.4/include/ruby-2.1.0/ruby/backward -I/Users/jlecour/.rubies/ruby-2.1.4/include/ruby-2.1.0 -I. -I/usr/include/ffi  -I/usr/local/opt/openssl/include -I/usr/local/opt/readline/include -I/usr/local/opt/libyaml/include -I/usr/local/Cellar/gdbm/1.11/include -D_XOPEN_SOURCE -D_DARWIN_C_SOURCE -D_DARWIN_UNLIMITED_SELECT -D_REENTRANT    -O3 -fno-fast-math -ggdb3 -Wall -Wextra -Wno-unused-parameter -Wno-parentheses -Wno-long-long -Wno-missing-field-initializers -Wunused-variable -Wpointer-arith -Wwrite-strings -Wdeclaration-after-statement -Wshorten-64-to-32 -Wimplicit-function-declaration -Wextra-tokens  -pipe conftest.c  -L. -L/Users/jlecour/.rubies/ruby-2.1.4/lib -L/usr/local/opt/openssl/lib -L/usr/local/opt/readline/lib -L/usr/local/opt/libyaml/lib -L/usr/local/Cellar/gdbm/1.11/lib -L. -fstack-protector -L/usr/local/opt/openssl/lib -L/usr/local/opt/readline/lib -L/usr/local/opt/libyaml/lib -L/usr/local/Cellar/gdbm/1.11/lib     -lffi  -lruby-static -framework CoreFoundation -lffi  -lpthread -ldl -lobjc "
couldn't understand kern.osversion `14.0.0'
conftest.c: In function ‘t’:
conftest.c:13: warning: implicit declaration of function ‘ffi_prep_cif_var’
Undefined symbols for architecture x86_64:
  "_ffi_prep_cif_var", referenced from:
      _t in ccCFSgs7.o
ld: symbol(s) not found for architecture x86_64
collect2: ld returned 1 exit status
checked program was:
/* begin */
 1: #include "ruby.h"
 2: 
 3: /*top*/
 4: extern int t(void);
 5: int main(int argc, char **argv)
 6: {
 7:   if (argc > 1000000) {
 8:     printf("%p", &t);
 9:   }
10: 
11:   return 0;
12: }
13: int t(void) { ffi_prep_cif_var(); return 0; }
/* end */

--------------------

extconf.h is:
/* begin */
1: #ifndef EXTCONF_H
2: #define EXTCONF_H
3: #define HAVE_FFI_PREP_CLOSURE 1
4: #define HAVE_RB_THREAD_BLOCKING_REGION 1
5: #define HAVE_RB_THREAD_CALL_WITH_GVL 1
6: #define HAVE_RB_THREAD_CALL_WITHOUT_GVL 1
7: #define RUBY_1_9 1
8: #endif
/* end */

